{"uuid":"c97111e6-961f-47b1-b39e-9af0245b2144","historyId":"cd9f900f9889574072419d1ed0758dc2","fullName":"com.test.api.TestNGClass.IdAuth.f","labels":[{"name":"package","value":"com.test.api.TestNGClass.IdAuth"},{"name":"testClass","value":"com.test.api.TestNGClass.IdAuth"},{"name":"testMethod","value":"f"},{"name":"parentSuite","value":"Default suite"},{"name":"suite","value":"Default test"},{"name":"subSuite","value":"com.test.api.TestNGClass.IdAuth"},{"name":"host","value":"DESKTOP-530STT9"},{"name":"thread","value":"756@DESKTOP-530STT9.main(1)"}],"links":[],"name":"测试新增人员","status":"broken","statusDetails":{"known":false,"muted":false,"flaky":false,"message":"no such element: Unable to locate element: {\"method\":\"xpath\",\"selector\":\"//iframe[@src=\"/cdzx/security/user/add/\"]/../../following-sibling::div[3]\"}\n  (Session info: chrome=72.0.3626.121)\n  (Driver info: chromedriver=73.0.3683.68 (47787ec04b6e38e22703e856e101e840b65afe72),platform=Windows NT 10.0.17134 x86_64) (WARNING: The server did not provide any stacktrace information)\nCommand duration or timeout: 73 milliseconds\nFor documentation on this error, please visit: http://seleniumhq.org/exceptions/no_such_element.html\nBuild info: version: '2.53.0', revision: '35ae25b1534ae328c771e0856c93e187490ca824', time: '2016-03-15 10:43:46'\nSystem info: host: 'DESKTOP-530STT9', ip: '10.0.75.1', os.name: 'Windows 10', os.arch: 'amd64', os.version: '10.0', java.version: '1.8.0_60'\nDriver info: org.openqa.selenium.chrome.ChromeDriver\nCapabilities [{mobileEmulationEnabled=false, timeouts={implicit=0, pageLoad=300000, script=30000}, hasTouchScreen=false, platform=XP, acceptSslCerts=false, goog:chromeOptions={debuggerAddress=localhost:57763}, acceptInsecureCerts=false, webStorageEnabled=true, browserName=chrome, takesScreenshot=true, javascriptEnabled=true, setWindowRect=true, unexpectedAlertBehaviour=ignore, applicationCacheEnabled=false, rotatable=false, networkConnectionEnabled=false, chrome={chromedriverVersion=73.0.3683.68 (47787ec04b6e38e22703e856e101e840b65afe72), userDataDir=C:\\Users\\intasect\\AppData\\Local\\Temp\\scoped_dir20108_30452}, takesHeapSnapshot=true, pageLoadStrategy=normal, strictFileInteractability=false, databaseEnabled=false, handlesAlerts=true, version=72.0.3626.121, browserConnectionEnabled=false, proxy={}, nativeEvents=true, locationContextEnabled=true, cssSelectorsEnabled=true}]\nSession ID: 4aea78a3d8f7fcd6a5250981582e50bc\n*** Element info: {Using=xpath, value=//iframe[@src=\"/cdzx/security/user/add/\"]/../../following-sibling::div[3]}","trace":"org.openqa.selenium.NoSuchElementException: no such element: Unable to locate element: {\"method\":\"xpath\",\"selector\":\"//iframe[@src=\"/cdzx/security/user/add/\"]/../../following-sibling::div[3]\"}\n  (Session info: chrome=72.0.3626.121)\n  (Driver info: chromedriver=73.0.3683.68 (47787ec04b6e38e22703e856e101e840b65afe72),platform=Windows NT 10.0.17134 x86_64) (WARNING: The server did not provide any stacktrace information)\nCommand duration or timeout: 73 milliseconds\nFor documentation on this error, please visit: http://seleniumhq.org/exceptions/no_such_element.html\nBuild info: version: '2.53.0', revision: '35ae25b1534ae328c771e0856c93e187490ca824', time: '2016-03-15 10:43:46'\nSystem info: host: 'DESKTOP-530STT9', ip: '10.0.75.1', os.name: 'Windows 10', os.arch: 'amd64', os.version: '10.0', java.version: '1.8.0_60'\nDriver info: org.openqa.selenium.chrome.ChromeDriver\nCapabilities [{mobileEmulationEnabled=false, timeouts={implicit=0, pageLoad=300000, script=30000}, hasTouchScreen=false, platform=XP, acceptSslCerts=false, goog:chromeOptions={debuggerAddress=localhost:57763}, acceptInsecureCerts=false, webStorageEnabled=true, browserName=chrome, takesScreenshot=true, javascriptEnabled=true, setWindowRect=true, unexpectedAlertBehaviour=ignore, applicationCacheEnabled=false, rotatable=false, networkConnectionEnabled=false, chrome={chromedriverVersion=73.0.3683.68 (47787ec04b6e38e22703e856e101e840b65afe72), userDataDir=C:\\Users\\intasect\\AppData\\Local\\Temp\\scoped_dir20108_30452}, takesHeapSnapshot=true, pageLoadStrategy=normal, strictFileInteractability=false, databaseEnabled=false, handlesAlerts=true, version=72.0.3626.121, browserConnectionEnabled=false, proxy={}, nativeEvents=true, locationContextEnabled=true, cssSelectorsEnabled=true}]\nSession ID: 4aea78a3d8f7fcd6a5250981582e50bc\n*** Element info: {Using=xpath, value=//iframe[@src=\"/cdzx/security/user/add/\"]/../../following-sibling::div[3]}\r\n\tat sun.reflect.NativeConstructorAccessorImpl.newInstance0(Native Method)\r\n\tat sun.reflect.NativeConstructorAccessorImpl.newInstance(NativeConstructorAccessorImpl.java:62)\r\n\tat sun.reflect.DelegatingConstructorAccessorImpl.newInstance(DelegatingConstructorAccessorImpl.java:45)\r\n\tat java.lang.reflect.Constructor.newInstance(Constructor.java:422)\r\n\tat org.openqa.selenium.remote.ErrorHandler.createThrowable(ErrorHandler.java:206)\r\n\tat org.openqa.selenium.remote.ErrorHandler.throwIfResponseFailed(ErrorHandler.java:158)\r\n\tat org.openqa.selenium.remote.RemoteWebDriver.execute(RemoteWebDriver.java:678)\r\n\tat org.openqa.selenium.remote.RemoteWebDriver.findElement(RemoteWebDriver.java:363)\r\n\tat org.openqa.selenium.remote.RemoteWebDriver.findElementByXPath(RemoteWebDriver.java:500)\r\n\tat org.openqa.selenium.By$ByXPath.findElement(By.java:361)\r\n\tat org.openqa.selenium.remote.RemoteWebDriver.findElement(RemoteWebDriver.java:355)\r\n\tat com.test.api.TestNGClass.IdAuth.f_aroundBody0(IdAuth.java:173)\r\n\tat com.test.api.TestNGClass.IdAuth$AjcClosure1.run(IdAuth.java:1)\r\n\tat org.aspectj.runtime.reflect.JoinPointImpl.proceed(JoinPointImpl.java:149)\r\n\tat io.qameta.allure.aspects.StepsAspects.step(StepsAspects.java:46)\r\n\tat com.test.api.TestNGClass.IdAuth.f(IdAuth.java:70)\r\n\tat sun.reflect.NativeMethodAccessorImpl.invoke0(Native Method)\r\n\tat sun.reflect.NativeMethodAccessorImpl.invoke(NativeMethodAccessorImpl.java:62)\r\n\tat sun.reflect.DelegatingMethodAccessorImpl.invoke(DelegatingMethodAccessorImpl.java:43)\r\n\tat java.lang.reflect.Method.invoke(Method.java:497)\r\n\tat org.testng.internal.MethodInvocationHelper.invokeMethod(MethodInvocationHelper.java:85)\r\n\tat org.testng.internal.Invoker.invokeMethod(Invoker.java:639)\r\n\tat org.testng.internal.Invoker.invokeTestMethod(Invoker.java:816)\r\n\tat org.testng.internal.Invoker.invokeTestMethods(Invoker.java:1124)\r\n\tat org.testng.internal.TestMethodWorker.invokeTestMethods(TestMethodWorker.java:125)\r\n\tat org.testng.internal.TestMethodWorker.run(TestMethodWorker.java:108)\r\n\tat org.testng.TestRunner.privateRun(TestRunner.java:774)\r\n\tat org.testng.TestRunner.run(TestRunner.java:624)\r\n\tat org.testng.SuiteRunner.runTest(SuiteRunner.java:359)\r\n\tat org.testng.SuiteRunner.runSequentially(SuiteRunner.java:354)\r\n\tat org.testng.SuiteRunner.privateRun(SuiteRunner.java:312)\r\n\tat org.testng.SuiteRunner.run(SuiteRunner.java:261)\r\n\tat org.testng.SuiteRunnerWorker.runSuite(SuiteRunnerWorker.java:52)\r\n\tat org.testng.SuiteRunnerWorker.run(SuiteRunnerWorker.java:86)\r\n\tat org.testng.TestNG.runSuitesSequentially(TestNG.java:1215)\r\n\tat org.testng.TestNG.runSuitesLocally(TestNG.java:1140)\r\n\tat org.testng.TestNG.run(TestNG.java:1048)\r\n\tat org.testng.remote.AbstractRemoteTestNG.run(AbstractRemoteTestNG.java:115)\r\n\tat org.testng.remote.RemoteTestNG.initAndRun(RemoteTestNG.java:251)\r\n\tat org.testng.remote.RemoteTestNG.main(RemoteTestNG.java:77)\r\n"},"stage":"finished","description":"测试allure report","start":1558354988060,"stop":1558355072457,"steps":[{"name":"打开cdzx登陆页面实行免登操作","status":"broken","statusDetails":{"known":false,"muted":false,"flaky":false,"message":"no such element: Unable to locate element: {\"method\":\"xpath\",\"selector\":\"//iframe[@src=\"/cdzx/security/user/add/\"]/../../following-sibling::div[3]\"}\n  (Session info: chrome=72.0.3626.121)\n  (Driver info: chromedriver=73.0.3683.68 (47787ec04b6e38e22703e856e101e840b65afe72),platform=Windows NT 10.0.17134 x86_64) (WARNING: The server did not provide any stacktrace information)\nCommand duration or timeout: 73 milliseconds\nFor documentation on this error, please visit: http://seleniumhq.org/exceptions/no_such_element.html\nBuild info: version: '2.53.0', revision: '35ae25b1534ae328c771e0856c93e187490ca824', time: '2016-03-15 10:43:46'\nSystem info: host: 'DESKTOP-530STT9', ip: '10.0.75.1', os.name: 'Windows 10', os.arch: 'amd64', os.version: '10.0', java.version: '1.8.0_60'\nDriver info: org.openqa.selenium.chrome.ChromeDriver\nCapabilities [{mobileEmulationEnabled=false, timeouts={implicit=0, pageLoad=300000, script=30000}, hasTouchScreen=false, platform=XP, acceptSslCerts=false, goog:chromeOptions={debuggerAddress=localhost:57763}, acceptInsecureCerts=false, webStorageEnabled=true, browserName=chrome, takesScreenshot=true, javascriptEnabled=true, setWindowRect=true, unexpectedAlertBehaviour=ignore, applicationCacheEnabled=false, rotatable=false, networkConnectionEnabled=false, chrome={chromedriverVersion=73.0.3683.68 (47787ec04b6e38e22703e856e101e840b65afe72), userDataDir=C:\\Users\\intasect\\AppData\\Local\\Temp\\scoped_dir20108_30452}, takesHeapSnapshot=true, pageLoadStrategy=normal, strictFileInteractability=false, databaseEnabled=false, handlesAlerts=true, version=72.0.3626.121, browserConnectionEnabled=false, proxy={}, nativeEvents=true, locationContextEnabled=true, cssSelectorsEnabled=true}]\nSession ID: 4aea78a3d8f7fcd6a5250981582e50bc\n*** Element info: {Using=xpath, value=//iframe[@src=\"/cdzx/security/user/add/\"]/../../following-sibling::div[3]}","trace":"org.openqa.selenium.NoSuchElementException: no such element: Unable to locate element: {\"method\":\"xpath\",\"selector\":\"//iframe[@src=\"/cdzx/security/user/add/\"]/../../following-sibling::div[3]\"}\n  (Session info: chrome=72.0.3626.121)\n  (Driver info: chromedriver=73.0.3683.68 (47787ec04b6e38e22703e856e101e840b65afe72),platform=Windows NT 10.0.17134 x86_64) (WARNING: The server did not provide any stacktrace information)\nCommand duration or timeout: 73 milliseconds\nFor documentation on this error, please visit: http://seleniumhq.org/exceptions/no_such_element.html\nBuild info: version: '2.53.0', revision: '35ae25b1534ae328c771e0856c93e187490ca824', time: '2016-03-15 10:43:46'\nSystem info: host: 'DESKTOP-530STT9', ip: '10.0.75.1', os.name: 'Windows 10', os.arch: 'amd64', os.version: '10.0', java.version: '1.8.0_60'\nDriver info: org.openqa.selenium.chrome.ChromeDriver\nCapabilities [{mobileEmulationEnabled=false, timeouts={implicit=0, pageLoad=300000, script=30000}, hasTouchScreen=false, platform=XP, acceptSslCerts=false, goog:chromeOptions={debuggerAddress=localhost:57763}, acceptInsecureCerts=false, webStorageEnabled=true, browserName=chrome, takesScreenshot=true, javascriptEnabled=true, setWindowRect=true, unexpectedAlertBehaviour=ignore, applicationCacheEnabled=false, rotatable=false, networkConnectionEnabled=false, chrome={chromedriverVersion=73.0.3683.68 (47787ec04b6e38e22703e856e101e840b65afe72), userDataDir=C:\\Users\\intasect\\AppData\\Local\\Temp\\scoped_dir20108_30452}, takesHeapSnapshot=true, pageLoadStrategy=normal, strictFileInteractability=false, databaseEnabled=false, handlesAlerts=true, version=72.0.3626.121, browserConnectionEnabled=false, proxy={}, nativeEvents=true, locationContextEnabled=true, cssSelectorsEnabled=true}]\nSession ID: 4aea78a3d8f7fcd6a5250981582e50bc\n*** Element info: {Using=xpath, value=//iframe[@src=\"/cdzx/security/user/add/\"]/../../following-sibling::div[3]}\r\n\tat sun.reflect.NativeConstructorAccessorImpl.newInstance0(Native Method)\r\n\tat sun.reflect.NativeConstructorAccessorImpl.newInstance(NativeConstructorAccessorImpl.java:62)\r\n\tat sun.reflect.DelegatingConstructorAccessorImpl.newInstance(DelegatingConstructorAccessorImpl.java:45)\r\n\tat java.lang.reflect.Constructor.newInstance(Constructor.java:422)\r\n\tat org.openqa.selenium.remote.ErrorHandler.createThrowable(ErrorHandler.java:206)\r\n\tat org.openqa.selenium.remote.ErrorHandler.throwIfResponseFailed(ErrorHandler.java:158)\r\n\tat org.openqa.selenium.remote.RemoteWebDriver.execute(RemoteWebDriver.java:678)\r\n\tat org.openqa.selenium.remote.RemoteWebDriver.findElement(RemoteWebDriver.java:363)\r\n\tat org.openqa.selenium.remote.RemoteWebDriver.findElementByXPath(RemoteWebDriver.java:500)\r\n\tat org.openqa.selenium.By$ByXPath.findElement(By.java:361)\r\n\tat org.openqa.selenium.remote.RemoteWebDriver.findElement(RemoteWebDriver.java:355)\r\n\tat com.test.api.TestNGClass.IdAuth.f_aroundBody0(IdAuth.java:173)\r\n\tat com.test.api.TestNGClass.IdAuth$AjcClosure1.run(IdAuth.java:1)\r\n\tat org.aspectj.runtime.reflect.JoinPointImpl.proceed(JoinPointImpl.java:149)\r\n\tat io.qameta.allure.aspects.StepsAspects.step(StepsAspects.java:46)\r\n\tat com.test.api.TestNGClass.IdAuth.f(IdAuth.java:70)\r\n\tat sun.reflect.NativeMethodAccessorImpl.invoke0(Native Method)\r\n\tat sun.reflect.NativeMethodAccessorImpl.invoke(NativeMethodAccessorImpl.java:62)\r\n\tat sun.reflect.DelegatingMethodAccessorImpl.invoke(DelegatingMethodAccessorImpl.java:43)\r\n\tat java.lang.reflect.Method.invoke(Method.java:497)\r\n\tat org.testng.internal.MethodInvocationHelper.invokeMethod(MethodInvocationHelper.java:85)\r\n\tat org.testng.internal.Invoker.invokeMethod(Invoker.java:639)\r\n\tat org.testng.internal.Invoker.invokeTestMethod(Invoker.java:816)\r\n\tat org.testng.internal.Invoker.invokeTestMethods(Invoker.java:1124)\r\n\tat org.testng.internal.TestMethodWorker.invokeTestMethods(TestMethodWorker.java:125)\r\n\tat org.testng.internal.TestMethodWorker.run(TestMethodWorker.java:108)\r\n\tat org.testng.TestRunner.privateRun(TestRunner.java:774)\r\n\tat org.testng.TestRunner.run(TestRunner.java:624)\r\n\tat org.testng.SuiteRunner.runTest(SuiteRunner.java:359)\r\n\tat org.testng.SuiteRunner.runSequentially(SuiteRunner.java:354)\r\n\tat org.testng.SuiteRunner.privateRun(SuiteRunner.java:312)\r\n\tat org.testng.SuiteRunner.run(SuiteRunner.java:261)\r\n\tat org.testng.SuiteRunnerWorker.runSuite(SuiteRunnerWorker.java:52)\r\n\tat org.testng.SuiteRunnerWorker.run(SuiteRunnerWorker.java:86)\r\n\tat org.testng.TestNG.runSuitesSequentially(TestNG.java:1215)\r\n\tat org.testng.TestNG.runSuitesLocally(TestNG.java:1140)\r\n\tat org.testng.TestNG.run(TestNG.java:1048)\r\n\tat org.testng.remote.AbstractRemoteTestNG.run(AbstractRemoteTestNG.java:115)\r\n\tat org.testng.remote.RemoteTestNG.initAndRun(RemoteTestNG.java:251)\r\n\tat org.testng.remote.RemoteTestNG.main(RemoteTestNG.java:77)\r\n"},"stage":"finished","start":1558354988071,"stop":1558355072051}],"attachments":[{"name":"����ʧ�ܽ�ͼ���£�","source":"52fab9cf-6fed-4879-9410-3c2c7eb46add-attachment","type":"image/png"},{"name":"�����������£�","source":"b62d5970-b157-47c9-9551-ad551eda3ba3-attachment"},{"name":"����������£�","source":"5669907b-a4e3-451a-900b-c31056c8070e-attachment"}],"parameters":[]}